<?xml version="1.0" encoding="UTF-8"?>
<testng-results ignored="0" total="1" passed="1" failed="0" skipped="0">
  <reporter-output>
  </reporter-output>
  <suite started-at="2023-07-19T09:14:22 CDT" name="Default suite" finished-at="2023-07-19T09:14:33 CDT" duration-ms="10225">
    <groups>
    </groups>
    <test started-at="2023-07-19T09:14:22 CDT" name="Default test" finished-at="2023-07-19T09:14:33 CDT" duration-ms="10225">
      <class name="testCases.IrbTc1">
        <test-method signature="testIRB()[pri:0, instance:testCases.IrbTc1@1a18644]" started-at="2023-07-19T09:14:22 CDT" name="testIRB" finished-at="2023-07-19T09:14:33 CDT" duration-ms="10195" status="PASS">
          <reporter-output>
          </reporter-output>
        </test-method> <!-- testIRB -->
      </class> <!-- testCases.IrbTc1 -->
    </test> <!-- Default test -->
  </suite> <!-- Default suite -->
</testng-results>
